# JRE version: OpenJDK Runtime Environment Temurin-17.0.2+8 (17.0.2+8) (build 17.0.2+8)
# Java VM: OpenJDK 64-Bit Server VM Temurin-17.0.2+8 (17.0.2+8, mixed mode, tiered, compressed oops, compressed class ptrs, parallel gc, windows-amd64)
GC Precious Log:
 CPUs: 4 total, 4 available
 Memory: 7862M
 Large Page Support: Disabled
 NUMA Support: Disabled
 Compressed Oops: Enabled (32-bit)
 Alignments: Space 512K, Generation 512K, Heap 2M
 Heap Min Capacity: 100M
 Heap Initial Capacity: 100M
 Heap Max Capacity: 1G
 Pre-touch: Disabled
 Parallel Workers: 4
Heap:
 PSYoungGen      total 6144K, used 4607K [0x00000000eab00000, 0x00000000eb300000, 0x0000000100000000)
  eden space 4608K, 99% used [0x00000000eab00000,0x00000000eaf7fe38,0x00000000eaf80000)
  from space 1536K, 0% used [0x00000000eaf80000,0x00000000eaf80000,0x00000000eb100000)
  to   space 1536K, 0% used [0x00000000eb100000,0x00000000eb100000,0x00000000eb280000)
 ParOldGen       total 123392K, used 122884K [0x00000000c0000000, 0x00000000eab00000, 0x00000000eab00000)
  object space 123392K, 99% used [0x00000000c0000000,0x00000000c7801058,0x00000000c7880000)
 Metaspace       used 57912K, committed 58816K, reserved 1105920K
  class space    used 6223K, committed 6656K, reserved 1048576K
GC Heap History (20 events):
Event: 134.465 GC heap after
{Heap after GC invocations=1176 (full 1114):
 PSYoungGen      total 6144K, used 4605K [0x00000000eab00000, 0x00000000eb300000, 0x0000000100000000)
  eden space 4608K, 99% used [0x00000000eab00000,0x00000000eaf7f510,0x00000000eaf80000)
  from space 1536K, 0% used [0x00000000eaf80000,0x00000000eaf80000,0x00000000eb100000)
  to   space 1536K, 0% used [0x00000000eb100000,0x00000000eb100000,0x00000000eb280000)
 ParOldGen       total 123392K, used 122884K [0x00000000c0000000, 0x00000000c7880000, 0x00000000eab00000)
  object space 123392K, 99% used [0x00000000c0000000,0x00000000c7801360,0x00000000c7880000)
 Metaspace       used 57912K, committed 58816K, reserved 1105920K
  class space    used 6223K, committed 6656K, reserved 1048576K
}
Event: 134.466 GC heap before
{Heap before GC invocations=1177 (full 1115):
 PSYoungGen      total 6144K, used 4608K [0x00000000eab00000, 0x00000000eb300000, 0x0000000100000000)
  eden space 4608K, 100% used [0x00000000eab00000,0x00000000eaf80000,0x00000000eaf80000)
  from space 1536K, 0% used [0x00000000eaf80000,0x00000000eaf80000,0x00000000eb100000)
  to   space 1536K, 0% used [0x00000000eb100000,0x00000000eb100000,0x00000000eb280000)
 ParOldGen       total 123392K, used 122884K [0x00000000c0000000, 0x00000000c7880000, 0x00000000eab00000)
  object space 123392K, 99% used [0x00000000c0000000,0x00000000c7801360,0x00000000c7880000)
 Metaspace       used 57912K, committed 58816K, reserved 1105920K
  class space    used 6223K, committed 6656K, reserved 1048576K
}
Event: 134.553 GC heap after
{Heap after GC invocations=1177 (full 1115):
 PSYoungGen      total 6144K, used 4605K [0x00000000eab00000, 0x00000000eb300000, 0x0000000100000000)
  eden space 4608K, 99% used [0x00000000eab00000,0x00000000eaf7f5f0,0x00000000eaf80000)
  from space 1536K, 0% used [0x00000000eb100000,0x00000000eb100000,0x00000000eb280000)
  to   space 1536K, 0% used [0x00000000eaf80000,0x00000000eaf80000,0x00000000eb100000)
 ParOldGen       total 123392K, used 122884K [0x00000000c0000000, 0x00000000c7880000, 0x00000000eab00000)
  object space 123392K, 99% used [0x00000000c0000000,0x00000000c78012c0,0x00000000c7880000)
 Metaspace       used 57912K, committed 58816K, reserved 1105920K
  class space    used 6223K, committed 6656K, reserved 1048576K
}
Event: 134.553 GC heap before
{Heap before GC invocations=1178 (full 1116):
 PSYoungGen      total 6144K, used 4608K [0x00000000eab00000, 0x00000000eb300000, 0x0000000100000000)
  eden space 4608K, 100% used [0x00000000eab00000,0x00000000eaf80000,0x00000000eaf80000)
  from space 1536K, 0% used [0x00000000eb100000,0x00000000eb100000,0x00000000eb280000)
  to   space 1536K, 0% used [0x00000000eaf80000,0x00000000eaf80000,0x00000000eb100000)
 ParOldGen       total 123392K, used 122884K [0x00000000c0000000, 0x00000000c7880000, 0x00000000eab00000)
  object space 123392K, 99% used [0x00000000c0000000,0x00000000c78012c0,0x00000000c7880000)
 Metaspace       used 57912K, committed 58816K, reserved 1105920K
  class space    used 6223K, committed 6656K, reserved 1048576K
}
Event: 134.640 GC heap after
{Heap after GC invocations=1178 (full 1116):
 PSYoungGen      total 6144K, used 4605K [0x00000000eab00000, 0x00000000eb300000, 0x0000000100000000)
  eden space 4608K, 99% used [0x00000000eab00000,0x00000000eaf7f628,0x00000000eaf80000)
  from space 1536K, 0% used [0x00000000eaf80000,0x00000000eaf80000,0x00000000eb100000)
  to   space 1536K, 0% used [0x00000000eb100000,0x00000000eb100000,0x00000000eb280000)
 ParOldGen       total 123392K, used 122884K [0x00000000c0000000, 0x00000000c7880000, 0x00000000eab00000)
  object space 123392K, 99% used [0x00000000c0000000,0x00000000c78012c0,0x00000000c7880000)
 Metaspace       used 57912K, committed 58816K, reserved 1105920K
  class space    used 6223K, committed 6656K, reserved 1048576K
}
Event: 134.640 GC heap before
{Heap before GC invocations=1179 (full 1117):
 PSYoungGen      total 6144K, used 4608K [0x00000000eab00000, 0x00000000eb300000, 0x0000000100000000)
  eden space 4608K, 100% used [0x00000000eab00000,0x00000000eaf80000,0x00000000eaf80000)
  from space 1536K, 0% used [0x00000000eaf80000,0x00000000eaf80000,0x00000000eb100000)
  to   space 1536K, 0% used [0x00000000eb100000,0x00000000eb100000,0x00000000eb280000)
 ParOldGen       total 123392K, used 122884K [0x00000000c0000000, 0x00000000c7880000, 0x00000000eab00000)
  object space 123392K, 99% used [0x00000000c0000000,0x00000000c78012c0,0x00000000c7880000)
 Metaspace       used 57912K, committed 58816K, reserved 1105920K
  class space    used 6223K, committed 6656K, reserved 1048576K
}
Event: 134.725 GC heap after
{Heap after GC invocations=1179 (full 1117):
 PSYoungGen      total 6144K, used 4605K [0x00000000eab00000, 0x00000000eb300000, 0x0000000100000000)
  eden space 4608K, 99% used [0x00000000eab00000,0x00000000eaf7f650,0x00000000eaf80000)
  from space 1536K, 0% used [0x00000000eb100000,0x00000000eb100000,0x00000000eb280000)
  to   space 1536K, 0% used [0x00000000eaf80000,0x00000000eaf80000,0x00000000eb100000)
 ParOldGen       total 123392K, used 122884K [0x00000000c0000000, 0x00000000c7880000, 0x00000000eab00000)
  object space 123392K, 99% used [0x00000000c0000000,0x00000000c7801158,0x00000000c7880000)
 Metaspace       used 57912K, committed 58816K, reserved 1105920K
  class space    used 6223K, committed 6656K, reserved 1048576K
}
Event: 134.725 GC heap before
{Heap before GC invocations=1180 (full 1118):
 PSYoungGen      total 6144K, used 4608K [0x00000000eab00000, 0x00000000eb300000, 0x0000000100000000)
  eden space 4608K, 100% used [0x00000000eab00000,0x00000000eaf80000,0x00000000eaf80000)
  from space 1536K, 0% used [0x00000000eb100000,0x00000000eb100000,0x00000000eb280000)
  to   space 1536K, 0% used [0x00000000eaf80000,0x00000000eaf80000,0x00000000eb100000)
 ParOldGen       total 123392K, used 122884K [0x00000000c0000000, 0x00000000c7880000, 0x00000000eab00000)
  object space 123392K, 99% used [0x00000000c0000000,0x00000000c7801158,0x00000000c7880000)
 Metaspace       used 57912K, committed 58816K, reserved 1105920K
  class space    used 6223K, committed 6656K, reserved 1048576K
}
Event: 134.809 GC heap after
{Heap after GC invocations=1180 (full 1118):
 PSYoungGen      total 6144K, used 4605K [0x00000000eab00000, 0x00000000eb300000, 0x0000000100000000)
  eden space 4608K, 99% used [0x00000000eab00000,0x00000000eaf7f600,0x00000000eaf80000)
  from space 1536K, 0% used [0x00000000eaf80000,0x00000000eaf80000,0x00000000eb100000)
  to   space 1536K, 0% used [0x00000000eb100000,0x00000000eb100000,0x00000000eb280000)
 ParOldGen       total 123392K, used 122884K [0x00000000c0000000, 0x00000000c7880000, 0x00000000eab00000)
  object space 123392K, 99% used [0x00000000c0000000,0x00000000c7801158,0x00000000c7880000)
 Metaspace       used 57912K, committed 58816K, reserved 1105920K
  class space    used 6223K, committed 6656K, reserved 1048576K
}
Event: 134.809 GC heap before
{Heap before GC invocations=1181 (full 1119):
 PSYoungGen      total 6144K, used 4608K [0x00000000eab00000, 0x00000000eb300000, 0x0000000100000000)
  eden space 4608K, 100% used [0x00000000eab00000,0x00000000eaf80000,0x00000000eaf80000)
  from space 1536K, 0% used [0x00000000eaf80000,0x00000000eaf80000,0x00000000eb100000)
  to   space 1536K, 0% used [0x00000000eb100000,0x00000000eb100000,0x00000000eb280000)
 ParOldGen       total 123392K, used 122884K [0x00000000c0000000, 0x00000000c7880000, 0x00000000eab00000)
  object space 123392K, 99% used [0x00000000c0000000,0x00000000c7801158,0x00000000c7880000)
 Metaspace       used 57912K, committed 58816K, reserved 1105920K
  class space    used 6223K, committed 6656K, reserved 1048576K
}
Event: 134.895 GC heap after
{Heap after GC invocations=1181 (full 1119):
 PSYoungGen      total 6144K, used 4605K [0x00000000eab00000, 0x00000000eb300000, 0x0000000100000000)
  eden space 4608K, 99% used [0x00000000eab00000,0x00000000eaf7f640,0x00000000eaf80000)
  from space 1536K, 0% used [0x00000000eb100000,0x00000000eb100000,0x00000000eb280000)
  to   space 1536K, 0% used [0x00000000eaf80000,0x00000000eaf80000,0x00000000eb100000)
 ParOldGen       total 123392K, used 122884K [0x00000000c0000000, 0x00000000c7880000, 0x00000000eab00000)
  object space 123392K, 99% used [0x00000000c0000000,0x00000000c7801100,0x00000000c7880000)
 Metaspace       used 57912K, committed 58816K, reserved 1105920K
  class space    used 6223K, committed 6656K, reserved 1048576K
}
Event: 134.896 GC heap before
{Heap before GC invocations=1182 (full 1120):
 PSYoungGen      total 6144K, used 4608K [0x00000000eab00000, 0x00000000eb300000, 0x0000000100000000)
  eden space 4608K, 100% used [0x00000000eab00000,0x00000000eaf80000,0x00000000eaf80000)
  from space 1536K, 0% used [0x00000000eb100000,0x00000000eb100000,0x00000000eb280000)
  to   space 1536K, 0% used [0x00000000eaf80000,0x00000000eaf80000,0x00000000eb100000)
 ParOldGen       total 123392K, used 122884K [0x00000000c0000000, 0x00000000c7880000, 0x00000000eab00000)
  object space 123392K, 99% used [0x00000000c0000000,0x00000000c7801100,0x00000000c7880000)
 Metaspace       used 57912K, committed 58816K, reserved 1105920K
  class space    used 6223K, committed 6656K, reserved 1048576K
}
Event: 134.985 GC heap after
{Heap after GC invocations=1182 (full 1120):
 PSYoungGen      total 6144K, used 4606K [0x00000000eab00000, 0x00000000eb300000, 0x0000000100000000)
  eden space 4608K, 99% used [0x00000000eab00000,0x00000000eaf7f910,0x00000000eaf80000)
  from space 1536K, 0% used [0x00000000eaf80000,0x00000000eaf80000,0x00000000eb100000)
  to   space 1536K, 0% used [0x00000000eb100000,0x00000000eb100000,0x00000000eb280000)
 ParOldGen       total 123392K, used 122884K [0x00000000c0000000, 0x00000000c7880000, 0x00000000eab00000)
  object space 123392K, 99% used [0x00000000c0000000,0x00000000c7801058,0x00000000c7880000)
 Metaspace       used 57912K, committed 58816K, reserved 1105920K
  class space    used 6223K, committed 6656K, reserved 1048576K
}
Event: 134.986 GC heap before
{Heap before GC invocations=1183 (full 1121):
 PSYoungGen      total 6144K, used 4607K [0x00000000eab00000, 0x00000000eb300000, 0x0000000100000000)
  eden space 4608K, 99% used [0x00000000eab00000,0x00000000eaf7fff0,0x00000000eaf80000)
  from space 1536K, 0% used [0x00000000eaf80000,0x00000000eaf80000,0x00000000eb100000)
  to   space 1536K, 0% used [0x00000000eb100000,0x00000000eb100000,0x00000000eb280000)
 ParOldGen       total 123392K, used 122884K [0x00000000c0000000, 0x00000000c7880000, 0x00000000eab00000)
  object space 123392K, 99% used [0x00000000c0000000,0x00000000c7801058,0x00000000c7880000)
 Metaspace       used 57912K, committed 58816K, reserved 1105920K
  class space    used 6223K, committed 6656K, reserved 1048576K
}
Event: 135.090 GC heap after
{Heap after GC invocations=1183 (full 1121):
 PSYoungGen      total 6144K, used 4606K [0x00000000eab00000, 0x00000000eb300000, 0x0000000100000000)
  eden space 4608K, 99% used [0x00000000eab00000,0x00000000eaf7fb80,0x00000000eaf80000)
  from space 1536K, 0% used [0x00000000eb100000,0x00000000eb100000,0x00000000eb280000)
  to   space 1536K, 0% used [0x00000000eaf80000,0x00000000eaf80000,0x00000000eb100000)
 ParOldGen       total 123392K, used 122884K [0x00000000c0000000, 0x00000000c7880000, 0x00000000eab00000)
  object space 123392K, 99% used [0x00000000c0000000,0x00000000c7801058,0x00000000c7880000)
 Metaspace       used 57912K, committed 58816K, reserved 1105920K
  class space    used 6223K, committed 6656K, reserved 1048576K
}
Event: 135.091 GC heap before
{Heap before GC invocations=1184 (full 1122):
 PSYoungGen      total 6144K, used 4608K [0x00000000eab00000, 0x00000000eb300000, 0x0000000100000000)
  eden space 4608K, 100% used [0x00000000eab00000,0x00000000eaf80000,0x00000000eaf80000)
  from space 1536K, 0% used [0x00000000eb100000,0x00000000eb100000,0x00000000eb280000)
  to   space 1536K, 0% used [0x00000000eaf80000,0x00000000eaf80000,0x00000000eb100000)
 ParOldGen       total 123392K, used 122884K [0x00000000c0000000, 0x00000000c7880000, 0x00000000eab00000)
  object space 123392K, 99% used [0x00000000c0000000,0x00000000c7801058,0x00000000c7880000)
 Metaspace       used 57912K, committed 58816K, reserved 1105920K
  class space    used 6223K, committed 6656K, reserved 1048576K
}
Event: 135.195 GC heap after
{Heap after GC invocations=1184 (full 1122):
 PSYoungGen      total 6144K, used 4607K [0x00000000eab00000, 0x00000000eb300000, 0x0000000100000000)
  eden space 4608K, 99% used [0x00000000eab00000,0x00000000eaf7fc68,0x00000000eaf80000)
  from space 1536K, 0% used [0x00000000eaf80000,0x00000000eaf80000,0x00000000eb100000)
  to   space 1536K, 0% used [0x00000000eb100000,0x00000000eb100000,0x00000000eb280000)
 ParOldGen       total 123392K, used 122884K [0x00000000c0000000, 0x00000000c7880000, 0x00000000eab00000)
  object space 123392K, 99% used [0x00000000c0000000,0x00000000c7801058,0x00000000c7880000)
 Metaspace       used 57912K, committed 58816K, reserved 1105920K
  class space    used 6223K, committed 6656K, reserved 1048576K
}
Event: 135.197 GC heap before
{Heap before GC invocations=1185 (full 1123):
 PSYoungGen      total 6144K, used 4607K [0x00000000eab00000, 0x00000000eb300000, 0x0000000100000000)
  eden space 4608K, 99% used [0x00000000eab00000,0x00000000eaf7fff8,0x00000000eaf80000)
  from space 1536K, 0% used [0x00000000eaf80000,0x00000000eaf80000,0x00000000eb100000)
  to   space 1536K, 0% used [0x00000000eb100000,0x00000000eb100000,0x00000000eb280000)
 ParOldGen       total 123392K, used 122884K [0x00000000c0000000, 0x00000000c7880000, 0x00000000eab00000)
  object space 123392K, 99% used [0x00000000c0000000,0x00000000c7801058,0x00000000c7880000)
 Metaspace       used 57912K, committed 58816K, reserved 1105920K
  class space    used 6223K, committed 6656K, reserved 1048576K
}
Event: 135.302 GC heap after
{Heap after GC invocations=1185 (full 1123):
 PSYoungGen      total 6144K, used 4607K [0x00000000eab00000, 0x00000000eb300000, 0x0000000100000000)
  eden space 4608K, 99% used [0x00000000eab00000,0x00000000eaf7fd38,0x00000000eaf80000)
  from space 1536K, 0% used [0x00000000eb100000,0x00000000eb100000,0x00000000eb280000)
  to   space 1536K, 0% used [0x00000000eaf80000,0x00000000eaf80000,0x00000000eb100000)
 ParOldGen       total 123392K, used 122884K [0x00000000c0000000, 0x00000000c7880000, 0x00000000eab00000)
  object space 123392K, 99% used [0x00000000c0000000,0x00000000c7801058,0x00000000c7880000)
 Metaspace       used 57912K, committed 58816K, reserved 1105920K
  class space    used 6223K, committed 6656K, reserved 1048576K
}
Event: 135.302 GC heap before
{Heap before GC invocations=1186 (full 1124):
 PSYoungGen      total 6144K, used 4607K [0x00000000eab00000, 0x00000000eb300000, 0x0000000100000000)
  eden space 4608K, 99% used [0x00000000eab00000,0x00000000eaf7fff8,0x00000000eaf80000)
  from space 1536K, 0% used [0x00000000eb100000,0x00000000eb100000,0x00000000eb280000)
  to   space 1536K, 0% used [0x00000000eaf80000,0x00000000eaf80000,0x00000000eb100000)
 ParOldGen       total 123392K, used 122884K [0x00000000c0000000, 0x00000000c7880000, 0x00000000eab00000)
  object space 123392K, 99% used [0x00000000c0000000,0x00000000c7801058,0x00000000c7880000)
 Metaspace       used 57912K, committed 58816K, reserved 1105920K
  class space    used 6223K, committed 6656K, reserved 1048576K
}

